[INFO] Scanning for projects...
[INFO] 
[INFO] -------------------< pe.unmsm.crm:marketing-backend >-------------------
[INFO] Building marketing-backend 0.0.1-SNAPSHOT
[INFO]   from pom.xml
[INFO] --------------------------------[ jar ]---------------------------------
[INFO] 
[INFO] --- resources:3.3.1:resources (default-resources) @ marketing-backend ---
[INFO] Copying 1 resource from src\main\resources to target\classes
[INFO] Copying 5 resources from src\main\resources to target\classes
[INFO] 
[INFO] --- compiler:3.14.1:compile (default-compile) @ marketing-backend ---
[INFO] Recompiling the module because of changed source code.
[INFO] Compiling 408 source files with javac [debug parameters release 17] to target\classes
[INFO] /C:/Users/marec/Desktop/Wankas_v2/backend/src/main/java/pe/unmsm/crm/marketing/security/config/SecurityConfig.java: C:\Users\marec\Desktop\Wankas_v2\backend\src\main\java\pe\unmsm\crm\marketing\security\config\SecurityConfig.java uses or overrides a deprecated API.
[INFO] /C:/Users/marec/Desktop/Wankas_v2/backend/src/main/java/pe/unmsm/crm/marketing/security/config/SecurityConfig.java: Recompile with -Xlint:deprecation for details.
[INFO] -------------------------------------------------------------
[ERROR] COMPILATION ERROR : 
[INFO] -------------------------------------------------------------
[ERROR] /C:/Users/marec/Desktop/Wankas_v2/backend/src/main/java/pe/unmsm/crm/marketing/console/AgentRegistrationUtility.java:[147,16] cannot find symbol
  symbol:   method setEmail(java.lang.String)
  location: variable usuario of type pe.unmsm.crm.marketing.security.domain.UsuarioEntity
[INFO] 1 error
[INFO] -------------------------------------------------------------
[INFO] ------------------------------------------------------------------------
[INFO] BUILD FAILURE
[INFO] ------------------------------------------------------------------------
[INFO] Total time:  18.316 s
[INFO] Finished at: 2025-12-02T02:14:46-05:00
[INFO] ------------------------------------------------------------------------
[ERROR] Failed to execute goal org.apache.maven.plugins:maven-compiler-plugin:3.14.1:compile (default-compile) on project marketing-backend: Compilation failure
[ERROR] /C:/Users/marec/Desktop/Wankas_v2/backend/src/main/java/pe/unmsm/crm/marketing/console/AgentRegistrationUtility.java:[147,16] cannot find symbol
[ERROR]   symbol:   method setEmail(java.lang.String)
[ERROR]   location: variable usuario of type pe.unmsm.crm.marketing.security.domain.UsuarioEntity
[ERROR] 
[ERROR] -> [Help 1]
[ERROR] 
[ERROR] To see the full stack trace of the errors, re-run Maven with the -e switch.
[ERROR] Re-run Maven using the -X switch to enable full debug logging.
[ERROR] 
[ERROR] For more information about the errors and possible solutions, please read the following articles:
[ERROR] [Help 1] http://cwiki.apache.org/confluence/display/MAVEN/MojoFailureException
